Build started 07/10/2017 01:14:54.
     1>Project "D:\openCL\OpenCLFramework\OpenCLFramework\OpenCLFramework.vcxproj" on node 2 (Build target(s)).
     1>_Intel_OpenCL_Build_Rules:
         Preprocessing: BasicKernels.cl
         cmd.exe /Q /C "C:\Users\Roy\AppData\Local\Temp\tmp6b593be35005457bb36756d7837f0ae3.cmd"
         "D:\Intel\OpenCL\sdk\bin\x86\ioc32.exe" -cmd=build -input="D:\openCL\OpenCLFramework\OpenCLFramework\BasicKernels.cl" -output="Win32\Debug\BasicKernels.out" -VS -device=CPU -simd=default -targetos=current            -bo="           "
         Setting target instruction set architecture to: Default (Advanced Vector Extension 2 (AVX2))
         OpenCL Intel CPU device was found!
         Device name: Intel(R) Core(TM) i5-4200U CPU @ 1.60GHz
         Device version: OpenCL 1.2 (Build 148)
         Device vendor: Intel(R) Corporation
         Device profile: FULL_PROFILE
         Compilation started
         Compilation done
         Linking started
         Linking done
         Device build started
         Device build done
         Kernel <gamma_correction> was successfully vectorized
         Done.
         gamma_correction info:
         	Maximum work-group size: 8192
         	Compiler work-group size: (0, 0, 0)
         	Local memory size: 0
         	Preferred multiple of work-group size: 128
         	Minimum amount of private memory: 0
         
         Build succeeded!
         
       ClCompile:
         D:\Program Files (x86)\Microsoft Visual Studio 12.0\VC\bin\CL.exe /c /ID:\OpenCV\Build\x86\vc12\..\..\include /ID:\Intel\OpenCL\sdk\\include /I..\..\common /AI"C:\Program Files (x86)\Reference Assemblies\Microsoft\Framework\.NETFramework\v4.0" /AI"C:\Program Files (x86)\Windows Kits\8.1\References\CommonConfiguration\Neutral" /Zi /clr /nologo /W3 /WX- /Od /Oy- /D Win32 /D _DEBUG /D _CONSOLE /D WIN32 /D _DEBUG /D _CONSOLE /D DX_MEDIA_SHARING /D DX9_SHARING /D __D3D10__ /D _CRT_SECURE_NO_WARNINGS /D _UNICODE /D UNICODE /Gm- /EHa /MDd /GS /fp:precise /Zc:wchar_t /Zc:forScope /Fo"Win32\Debug\\" /Fd"Win32\Debug\vc120.pdb" /Gd /TP /FU"C:\Program Files (x86)\Reference Assemblies\Microsoft\Framework\.NETFramework\v4.0\mscorlib.dll" /FU"C:\Program Files (x86)\Reference Assemblies\Microsoft\Framework\.NETFramework\v4.0\System.Data.dll" /FU"C:\Program Files (x86)\Reference Assemblies\Microsoft\Framework\.NETFramework\v4.0\System.dll" /FU"C:\Program Files (x86)\Reference Assemblies\Microsoft\Framework\.NETFramework\v4.0\System.Drawing.dll" /FU"C:\Program Files (x86)\Reference Assemblies\Microsoft\Framework\.NETFramework\v4.0\System.Windows.Forms.dll" /FU"C:\Program Files (x86)\Reference Assemblies\Microsoft\Framework\.NETFramework\v4.0\System.Xml.dll" /analyze- /errorReport:prompt /clr:nostdlib GammaCorrection.cpp
         GammaCorrection.cpp
       Link:
         D:\Program Files (x86)\Microsoft Visual Studio 12.0\VC\bin\link.exe /ERRORREPORT:PROMPT /OUT:"D:\openCL\OpenCLFramework\Win32\Debug\OpenCLFramework.exe" /INCREMENTAL /NOLOGO /LIBPATH:D:\OpenCV\Build\x86\vc12\lib /LIBPATH:D:\OpenCV\Build\x86\vc12\bin /LIBPATH:D:\Intel\OpenCL\sdk\\lib\x86 OpenCL.lib opencv_calib3d2413d.lib opencv_contrib2413d.lib opencv_core2413d.lib opencv_features2d2413d.lib opencv_flann2413d.lib opencv_gpu2413d.lib opencv_highgui2413d.lib opencv_imgproc2413d.lib opencv_legacy2413d.lib opencv_ml2413d.lib opencv_nonfree2413d.lib opencv_objdetect2413d.lib opencv_ocl2413d.lib opencv_photo2413d.lib opencv_stitching2413d.lib opencv_superres2413d.lib opencv_ts2413d.lib opencv_video2413d.lib opencv_videostab2413d.lib opencl.lib kernel32.lib user32.lib gdi32.lib winspool.lib comdlg32.lib advapi32.lib shell32.lib ole32.lib oleaut32.lib uuid.lib odbc32.lib odbccp32.lib /MANIFEST /MANIFESTUAC:"level='asInvoker' uiAccess='false'" /manifest:embed /DEBUG /PDB:"D:\openCL\OpenCLFramework\Win32\Debug\OpenCLFramework.pdb" /TLBID:1 /DYNAMICBASE /NXCOMPAT /IMPLIB:"D:\openCL\OpenCLFramework\Win32\Debug\OpenCLFramework.lib" /MACHINE:X86 Win32\Debug\GammaCorrection.obj
         Win32\Debug\Parameters.obj
         Win32\Debug\try.obj
         D:\openCL\OpenCLFramework\OpenClLib\Win32\Debug\basic.obj
         D:\openCL\OpenCLFramework\OpenClLib\Win32\Debug\cmdparser.obj
         D:\openCL\OpenCLFramework\OpenClLib\Win32\Debug\oclobject.obj
         D:\openCL\OpenCLFramework\OpenClLib\Win32\Debug\utils.obj
         D:\openCL\OpenCLFramework\OpenClLib\Win32\Debug\yuv_utils.obj
         D:\openCL\OpenCLFramework\OpenClLib\Win32\Debug\Helper.obj
     1>basic.obj : warning LNK4075: ignoring '/EDITANDCONTINUE' due to '/OPT:LBR' specification
     1>GammaCorrection.obj : warning LNK4248: unresolved typeref token (01000019) for '_cl_mem'; image may not run
     1>GammaCorrection.obj : warning LNK4248: unresolved typeref token (0100001A) for '_cl_kernel'; image may not run
     1>GammaCorrection.obj : warning LNK4248: unresolved typeref token (0100001C) for '_cl_command_queue'; image may not run
     1>GammaCorrection.obj : warning LNK4248: unresolved typeref token (0100001D) for '_cl_event'; image may not run
     1>GammaCorrection.obj : warning LNK4248: unresolved typeref token (0100001E) for '_cl_context'; image may not run
         OpenCLFramework.vcxproj -> D:\openCL\OpenCLFramework\Win32\Debug\OpenCLFramework.exe
       PostBuildEvent:
         If exist "*.cl" copy "*.cl" "D:\openCL\OpenCLFramework\Win32\Debug\\"
         :VCEnd
         BasicKernels.cl
                 1 file(s) copied.
     1>Done Building Project "D:\openCL\OpenCLFramework\OpenCLFramework\OpenCLFramework.vcxproj" (Build target(s)).

Build succeeded.

Time Elapsed 00:00:03.63
