OpenCL Intel(R) Graphics device was found!
Device name: Intel(R) HD Graphics 4400
Device version: OpenCL 1.2 
Device vendor: Intel(R) Corporation
Device profile: FULL_PROFILE
D:\openCL\OpenCLFramework\OpenCLFramework\BasicKernels.cl(52,9) :warning CL : double precision constant requires cl_khr_fp64, casting to single precision
D:\openCL\OpenCLFramework\OpenCLFramework\BasicKernels.cl(206,14) :warning CL : double precision constant requires cl_khr_fp64, casting to single precision
D:\openCL\OpenCLFramework\OpenCLFramework\BasicKernels.cl(207,14) :warning CL : double precision constant requires cl_khr_fp64, casting to single precision
fcl build 1 succeeded.
fcl build 2 succeeded.
bcl build succeeded.

feature_detect info:
	Maximum work-group size: 512
	Compiler work-group size: (0, 0, 0)
	Local memory size: 0
	Preferred multiple of work-group size: 16
	Minimum amount of private memory: 0

pointwise_product info:
	Maximum work-group size: 512
	Compiler work-group size: (0, 0, 0)
	Local memory size: 0
	Preferred multiple of work-group size: 16
	Minimum amount of private memory: 0

gamma_correction info:
	Maximum work-group size: 512
	Compiler work-group size: (0, 0, 0)
	Local memory size: 0
	Preferred multiple of work-group size: 16
	Minimum amount of private memory: 0

gradient info:
	Maximum work-group size: 512
	Compiler work-group size: (0, 0, 0)
	Local memory size: 0
	Preferred multiple of work-group size: 16
	Minimum amount of private memory: 0

divergence info:
	Maximum work-group size: 512
	Compiler work-group size: (0, 0, 0)
	Local memory size: 0
	Preferred multiple of work-group size: 16
	Minimum amount of private memory: 0

l2_norm info:
	Maximum work-group size: 512
	Compiler work-group size: (0, 0, 0)
	Local memory size: 0
	Preferred multiple of work-group size: 16
	Minimum amount of private memory: 0

convolve info:
	Maximum work-group size: 512
	Compiler work-group size: (0, 0, 0)
	Local memory size: 0
	Preferred multiple of work-group size: 32
	Minimum amount of private memory: 0

Build succeeded!
