Build started 06/10/2017 03:37:42.
     1>Project "D:\openCL\OpenCLFramework\OpenCLFramework\OpenCLFramework.vcxproj" on node 2 (Build target(s)).
     1>_Intel_OpenCL_Build_Rules:
         Preprocessing: BasicKernels.cl
         cmd.exe /Q /C "C:\Users\Roy\AppData\Local\Temp\tmp765c37fd48db4ab9817ea092b252befd.cmd"
         "D:\Intel\OpenCL\sdk\bin\x86\ioc32.exe" -cmd=build -input="D:\openCL\OpenCLFramework\OpenCLFramework\BasicKernels.cl" -output="Win32\Release\BasicKernels.out" -VS -device=GPU -simd=default -targetos=current            -bo="           "
         OpenCL Intel(R) Graphics device was found!
         Device name: Intel(R) HD Graphics 4400
         Device version: OpenCL 1.2 
         Device vendor: Intel(R) Corporation
         Device profile: FULL_PROFILE
         fcl build 1 succeeded.
         fcl build 2 succeeded.
         bcl build succeeded.
         
         gamma_correction info:
         	Maximum work-group size: 512
         	Compiler work-group size: (0, 0, 0)
         	Local memory size: 0
         	Preferred multiple of work-group size: 16
         	Minimum amount of private memory: 0
         
         Build succeeded!
         
       ClCompile:
         D:\Program Files (x86)\Microsoft Visual Studio 12.0\VC\bin\CL.exe /c /I..\OpenClLib /ID:\OpenCV\Build\x86\vc12\..\..\include /ID:\Intel\OpenCL\sdk\\include /I..\..\common /AI"C:\Program Files (x86)\Reference Assemblies\Microsoft\Framework\.NETFramework\v4.0" /AI"C:\Program Files (x86)\Windows Kits\8.1\References\CommonConfiguration\Neutral" /Zi /clr /nologo /W3 /WX- /O2 /Oi /Oy- /GL /D Win32 /D NDEBUG /D _CONSOLE /D WIN32 /D NDEBUG /D _CONSOLE /D DX_MEDIA_SHARING /D DX9_SHARING /D __D3D10__ /D _CRT_SECURE_NO_WARNINGS /D _UNICODE /D UNICODE /Gm- /EHa /MD /GS /Gy /fp:precise /Zc:wchar_t /Zc:forScope /Fo"Win32\Release\\" /Fd"Win32\Release\vc120.pdb" /Gd /TP /FU"C:\Program Files (x86)\Reference Assemblies\Microsoft\Framework\.NETFramework\v4.0\mscorlib.dll" /FU"C:\Program Files (x86)\Reference Assemblies\Microsoft\Framework\.NETFramework\v4.0\System.Data.dll" /FU"C:\Program Files (x86)\Reference Assemblies\Microsoft\Framework\.NETFramework\v4.0\System.dll" /FU"C:\Program Files (x86)\Reference Assemblies\Microsoft\Framework\.NETFramework\v4.0\System.Drawing.dll" /FU"C:\Program Files (x86)\Reference Assemblies\Microsoft\Framework\.NETFramework\v4.0\System.Windows.Forms.dll" /FU"C:\Program Files (x86)\Reference Assemblies\Microsoft\Framework\.NETFramework\v4.0\System.Xml.dll" /analyze- /errorReport:prompt /clr:nostdlib try.cpp
         try.cpp
     1>try.cpp(143): warning C4244: '=' : conversion from 'unsigned int' to 'float', possible loss of data
       Link:
         D:\Program Files (x86)\Microsoft Visual Studio 12.0\VC\bin\link.exe /ERRORREPORT:PROMPT /OUT:"D:\openCL\OpenCLFramework\Win32\Release\OpenCLFramework.exe" /INCREMENTAL:NO /NOLOGO /LIBPATH:D:\OpenCV\Build\x86\vc12\lib /LIBPATH:D:\Intel\OpenCL\sdk\\lib\x86 OpenCL.lib opencv_calib3d2413.lib opencv_contrib2413.lib opencv_core2413.lib opencv_features2d2413.lib opencv_flann2413.lib opencv_gpu2413.lib opencv_highgui2413.lib opencv_imgproc2413.lib opencv_legacy2413.lib opencv_ml2413.lib opencv_nonfree2413.lib opencv_objdetect2413.lib opencv_ocl2413.lib opencv_photo2413.lib opencv_stitching2413.lib opencv_superres2413.lib opencv_ts2413.lib opencv_video2413.lib opencv_videostab2413.lib opencl.lib kernel32.lib user32.lib gdi32.lib winspool.lib comdlg32.lib advapi32.lib shell32.lib ole32.lib oleaut32.lib uuid.lib odbc32.lib odbccp32.lib /MANIFEST /MANIFESTUAC:"level='asInvoker' uiAccess='false'" /manifest:embed /DEBUG /PDB:"D:\openCL\OpenCLFramework\Win32\Release\OpenCLFramework.pdb" /SUBSYSTEM:CONSOLE /OPT:REF /OPT:ICF /LTCG /TLBID:1 /DYNAMICBASE /NXCOMPAT /IMPLIB:"D:\openCL\OpenCLFramework\Win32\Release\OpenCLFramework.lib" /MACHINE:X86 /SAFESEH Win32\Release\GammaCorrection.obj
         Win32\Release\Parameters.obj
         Win32\Release\try.obj
         D:\openCL\OpenCLFramework\OpenClLib\Win32\Release\basic.obj
         D:\openCL\OpenCLFramework\OpenClLib\Win32\Release\cmdparser.obj
         D:\openCL\OpenCLFramework\OpenClLib\Win32\Release\oclobject.obj
         D:\openCL\OpenCLFramework\OpenClLib\Win32\Release\utils.obj
         D:\openCL\OpenCLFramework\OpenClLib\Win32\Release\yuv_utils.obj
         Generating code
         Finished generating code
     1>GammaCorrection.obj : warning LNK4248: unresolved typeref token (01000017) for '_cl_kernel'; image may not run
     1>GammaCorrection.obj : warning LNK4248: unresolved typeref token (01000019) for '_cl_command_queue'; image may not run
     1>GammaCorrection.obj : warning LNK4248: unresolved typeref token (0100001A) for '_cl_mem'; image may not run
     1>GammaCorrection.obj : warning LNK4248: unresolved typeref token (0100001B) for '_cl_event'; image may not run
     1>GammaCorrection.obj : warning LNK4248: unresolved typeref token (0100001C) for '_cl_context'; image may not run
     1>GammaCorrection.obj : warning LNK4248: unresolved typeref token (01000022) for '_cl_device_id'; image may not run
         OpenCLFramework.vcxproj -> D:\openCL\OpenCLFramework\Win32\Release\OpenCLFramework.exe
       PostBuildEvent:
         If exist "*.cl" copy "*.cl" "D:\openCL\OpenCLFramework\Win32\Release\\"
         :VCEnd
         BasicKernels.cl
                 1 file(s) copied.
     1>Done Building Project "D:\openCL\OpenCLFramework\OpenCLFramework\OpenCLFramework.vcxproj" (Build target(s)).

Build succeeded.

Time Elapsed 00:00:05.05
